{
  "RSpec": {
    "coverage": {
      "/myapp/app/models/smoking_record.rb": {
        "lines": [
          1,
          1,
          1,
          null,
          1,
          1,
          1,
          null,
          1,
          1,
          1,
          null,
          162,
          31,
          null,
          1,
          79,
          null,
          null,
          1,
          78,
          null,
          null,
          1,
          79,
          null,
          null,
          1,
          78,
          null,
          null,
          1,
          0,
          null,
          null,
          null,
          1,
          30,
          30,
          null,
          null,
          30,
          null,
          null,
          null,
          null,
          1,
          11,
          null,
          null,
          null,
          275,
          11,
          null,
          null,
          1,
          null,
          1,
          72,
          null,
          null,
          1,
          72,
          null,
          null,
          1,
          72,
          null,
          null,
          null,
          1,
          30,
          10,
          10,
          10,
          null,
          null,
          null
        ]
      },
      "/myapp/app/models/application_record.rb": {
        "lines": [
          1,
          1,
          null
        ]
      },
      "/myapp/app/helpers/application_helper.rb": {
        "lines": [
          1,
          1,
          30,
          30,
          0,
          0,
          0,
          null,
          null,
          null,
          null,
          1,
          null,
          3,
          null,
          0,
          null,
          null,
          3,
          null,
          null,
          0,
          null,
          null,
          3,
          null,
          0,
          0,
          0,
          0,
          0,
          null,
          0,
          0,
          0,
          0,
          0,
          0,
          0,
          null,
          0,
          null,
          null,
          1,
          71,
          null,
          19,
          null,
          null,
          1,
          142,
          null,
          38,
          null,
          null,
          1,
          71,
          null,
          0,
          null,
          null
        ]
      },
      "/myapp/app/models/cigarette.rb": {
        "lines": [
          1,
          1,
          1,
          null,
          1,
          null,
          1,
          1,
          1,
          null,
          1,
          1,
          null,
          1,
          null,
          1,
          null,
          1,
          62,
          62,
          null,
          null,
          1,
          61,
          1,
          null,
          null,
          null,
          1,
          62,
          0,
          null,
          null,
          null
        ]
      },
      "/myapp/app/models/quit_smoking_record.rb": {
        "lines": [
          1,
          1,
          1,
          null,
          1,
          null,
          1,
          1,
          1,
          null,
          95,
          3,
          null,
          1,
          0,
          null,
          null,
          1,
          9,
          null,
          null,
          1,
          88,
          null,
          null,
          1,
          null,
          87,
          null,
          null,
          1,
          null,
          1,
          null,
          20,
          null,
          20,
          null,
          20,
          5,
          5,
          null,
          null,
          null,
          15,
          15,
          null,
          null,
          15,
          15,
          15,
          null,
          null,
          1,
          5,
          0,
          null,
          null,
          null
        ]
      },
      "/myapp/app/models/savings_goal.rb": {
        "lines": [
          1,
          1,
          1,
          null,
          1,
          null,
          18,
          9,
          null,
          null,
          1,
          1,
          1,
          null,
          null,
          1,
          null,
          7,
          null,
          null,
          null,
          null,
          10,
          1,
          1,
          null,
          null,
          1,
          1,
          1,
          null,
          null,
          1,
          38,
          null,
          null,
          1,
          8,
          null,
          null,
          1,
          8,
          8,
          null,
          8,
          8,
          null,
          null,
          1,
          4,
          4,
          null,
          4,
          4,
          null,
          4,
          4,
          null,
          null,
          null,
          1,
          0,
          null,
          null,
          1,
          0,
          null,
          null,
          1,
          12,
          null,
          10,
          0,
          null,
          null,
          null,
          null,
          null,
          null,
          1,
          0,
          0,
          null,
          null,
          1,
          null,
          1,
          7,
          null,
          7,
          7,
          0,
          null,
          null,
          null,
          null,
          1,
          7,
          null,
          null,
          1,
          2,
          0,
          null,
          null,
          null,
          1,
          8,
          null,
          null,
          1,
          2,
          null,
          null,
          1,
          8,
          null,
          null,
          1,
          7,
          0,
          null,
          null,
          null
        ]
      },
      "/myapp/app/models/user.rb": {
        "lines": [
          1,
          1,
          1,
          1,
          null,
          1,
          1,
          1,
          1,
          null,
          1,
          null,
          105,
          105,
          105,
          1,
          null,
          1,
          1,
          null,
          1,
          3,
          5,
          5,
          5,
          null,
          null,
          1,
          11,
          null,
          null
        ]
      },
      "/myapp/app/mailers/user_mailer.rb": {
        "lines": [
          1,
          1,
          null,
          1,
          0,
          0,
          0,
          null,
          null,
          null
        ]
      },
      "/myapp/app/mailers/application_mailer.rb": {
        "lines": [
          1,
          1,
          1,
          null
        ]
      },
      "/myapp/app/models/authentication.rb": {
        "lines": [
          1,
          1,
          null
        ]
      },
      "/myapp/app/controllers/user_sessions_controller.rb": {
        "lines": [
          1,
          1,
          null,
          1,
          18,
          null,
          null,
          1,
          34,
          null,
          34,
          34,
          null,
          0,
          0,
          null,
          null,
          null,
          1,
          0,
          0,
          null,
          null
        ]
      },
      "/myapp/app/controllers/application_controller.rb": {
        "lines": [
          1,
          1,
          1,
          null,
          1,
          null,
          1,
          0,
          null,
          null,
          1,
          1292,
          null,
          null,
          1,
          69,
          69,
          69,
          69,
          69,
          69,
          69,
          null,
          null,
          1,
          69,
          13,
          13,
          null,
          null,
          null,
          1,
          69,
          null,
          null
        ]
      },
      "/myapp/app/controllers/non_smoker/quit_smoking_records_controller.rb": {
        "lines": [
          1,
          1,
          null,
          1,
          3,
          3,
          null,
          3,
          2,
          2,
          null,
          null,
          null,
          1,
          3,
          1,
          null,
          2,
          2,
          2,
          2,
          null,
          0,
          null,
          null,
          null,
          null,
          1,
          2,
          2,
          2,
          2,
          null,
          0,
          null,
          null,
          null,
          1,
          0,
          0,
          null,
          null
        ]
      },
      "/myapp/app/controllers/non_smoker/savings_goals_controller.rb": {
        "lines": [
          1,
          1,
          1,
          1,
          1,
          1,
          1,
          1,
          8,
          null,
          1,
          4,
          null,
          null,
          1,
          2,
          2,
          null,
          2,
          2,
          null,
          0,
          null,
          null,
          null,
          1,
          1,
          1,
          null,
          0,
          0,
          0,
          null,
          null,
          null,
          1,
          0,
          0,
          0,
          null,
          null,
          0,
          0,
          null,
          null,
          1,
          null,
          1,
          1,
          null,
          null,
          1,
          3,
          null,
          null,
          1,
          2,
          0,
          null,
          null,
          null,
          1,
          2,
          0,
          null,
          null,
          null,
          1,
          7,
          null,
          null,
          1,
          11,
          null,
          null,
          1,
          7,
          7,
          null,
          null,
          1,
          7,
          null,
          null,
          null,
          null,
          null,
          null,
          1,
          null,
          4,
          null,
          null,
          null,
          null,
          null,
          null
        ]
      },
      "/myapp/app/controllers/smoker/cigarettes_controller.rb": {
        "lines": [
          1,
          1,
          null,
          1,
          12,
          12,
          12,
          null,
          null,
          1,
          2,
          2,
          2,
          null,
          0,
          null,
          null,
          null,
          null,
          null,
          null,
          1,
          null,
          1,
          1,
          1,
          null,
          0,
          0,
          null,
          null,
          null,
          1,
          1,
          1,
          null,
          null,
          1,
          null,
          1,
          1,
          null,
          null,
          1,
          3,
          null,
          null
        ]
      },
      "/myapp/app/models/cigarette_brand.rb": {
        "lines": [
          1,
          1,
          1,
          1,
          null,
          2,
          2,
          null
        ]
      },
      "/myapp/app/controllers/smoker/graphs_controller.rb": {
        "lines": [
          1,
          1,
          1,
          null,
          1,
          9,
          9,
          9,
          9,
          9,
          null,
          null,
          1,
          null,
          1,
          9,
          9,
          null,
          null
        ]
      },
      "/myapp/app/controllers/smoker/smoking_records_controller.rb": {
        "lines": [
          1,
          1,
          1,
          null,
          1,
          5,
          5,
          5,
          5,
          5,
          null,
          null,
          1,
          4,
          1,
          null,
          3,
          3,
          2,
          null,
          1,
          null,
          null,
          null,
          null,
          1,
          1,
          1,
          1,
          null,
          null,
          1,
          null,
          null,
          1,
          9,
          9,
          null,
          null,
          null,
          1,
          9,
          9,
          9,
          9,
          null,
          null,
          null,
          1,
          3,
          null,
          null
        ]
      },
      "/myapp/app/controllers/users_controller.rb": {
        "lines": [
          1,
          1,
          1,
          1,
          null,
          null,
          1,
          2,
          2,
          2,
          2,
          null,
          0,
          0,
          null,
          null,
          null,
          1,
          null,
          1,
          2,
          null,
          null
        ]
      },
      "/myapp/app/controllers/oauths_controller.rb": {
        "lines": [
          1,
          1,
          null,
          1,
          2,
          null,
          null,
          1,
          2,
          2,
          1,
          null,
          null,
          1,
          null,
          1,
          1,
          null,
          null,
          1,
          1,
          1,
          0,
          0,
          0,
          null,
          null,
          null,
          null,
          1,
          null,
          1,
          4,
          null,
          null
        ]
      },
      "/myapp/app/controllers/tops_controller.rb": {
        "lines": [
          1,
          1,
          1,
          null
        ]
      },
      "/myapp/app/channels/application_cable/channel.rb": {
        "lines": [
          0,
          0,
          0,
          0
        ],
        "branches": {
        }
      },
      "/myapp/app/channels/application_cable/connection.rb": {
        "lines": [
          0,
          0,
          0,
          0
        ],
        "branches": {
        }
      },
      "/myapp/app/controllers/password_resets_controller.rb": {
        "lines": [
          0,
          0,
          0,
          0,
          null,
          0,
          null,
          0,
          0,
          null,
          0,
          0,
          0,
          0,
          0,
          0,
          null,
          0,
          0,
          null,
          0,
          null,
          0,
          0,
          null,
          0,
          0,
          0,
          0,
          0,
          0,
          null,
          0,
          null,
          0,
          0,
          0,
          0,
          null,
          0,
          0,
          0,
          null,
          0,
          0,
          0,
          0
        ],
        "branches": {
        }
      },
      "/myapp/app/controllers/static_pages_controller.rb": {
        "lines": [
          0,
          0,
          0,
          null,
          0,
          0
        ],
        "branches": {
        }
      },
      "/myapp/app/jobs/application_job.rb": {
        "lines": [
          0,
          null,
          null,
          null,
          null,
          null,
          0
        ],
        "branches": {
        }
      }
    },
    "timestamp": 1731844822
  }
}
